生成启动时间为 2016/5/21 16:26:29。
     1>项目“I:\graphics\rayTracing\RayTracing\RayTracing\RayTracing.vcxproj”在节点 2 上(Build 个目标)。
     1>ClCompile:
         C:\Program Files (x86)\Microsoft Visual Studio 11.0\VC\bin\CL.exe /c /nologo /W3 /WX- /Ox /Ob2 /Oi /Ot /Oy /GT /GL /D _MBCS /Gm- /EHsc /MD /GS /Gy /fp:precise /Zc:wchar_t /Zc:forScope /Fo"Release\\" /Fd"Release\vc110.pdb" /Gd /TP /analyze- /errorReport:prompt BMP.cpp Camera.cpp Color.cpp Config.cpp ConfigReader.cpp Image.cpp Light.cpp LightFactory.cpp main.cpp Mesh.cpp Object.cpp ObjectFactory.cpp Plane.cpp PlaneLight.cpp PointLight.cpp Ray.cpp RayTracer.cpp RenderView.cpp Set.cpp SetFactory.cpp Sphere.cpp Tools.cpp TriMesh.cpp Vector.cpp
         BMP.cpp
         Camera.cpp
         Color.cpp
         Config.cpp
         ConfigReader.cpp
     1>ConfigReader.cpp(74): warning C4018: “<”: 有符号/无符号不匹配
     1>ConfigReader.cpp(81): warning C4018: “<”: 有符号/无符号不匹配
     1>ConfigReader.cpp(134): warning C4018: “<”: 有符号/无符号不匹配
     1>ConfigReader.cpp(144): warning C4018: “<”: 有符号/无符号不匹配
     1>ConfigReader.cpp(151): warning C4018: “<”: 有符号/无符号不匹配
         Image.cpp
     1>Image.cpp(49): warning C4244: “初始化”: 从“std::streamoff”转换到“int”，可能丢失数据
     1>Image.cpp(74): warning C4244: “初始化”: 从“double”转换到“int”，可能丢失数据
     1>Image.cpp(77): warning C4244: “=”: 从“double”转换到“int”，可能丢失数据
     1>Image.cpp(80): warning C4244: “=”: 从“double”转换到“int”，可能丢失数据
         Light.cpp
         LightFactory.cpp
         main.cpp
     1>main.cpp(18): warning C4996: 'freopen': This function or variable may be unsafe. Consider using freopen_s instead. To disable deprecation, use _CRT_SECURE_NO_WARNINGS. See online help for details.
                 C:\Program Files (x86)\Microsoft Visual Studio 11.0\VC\include\stdio.h(233) : 参见“freopen”的声明
         Mesh.cpp
     1>Mesh.cpp(58): warning C4018: “<”: 有符号/无符号不匹配
         Object.cpp
         ObjectFactory.cpp
         Plane.cpp
         PlaneLight.cpp
         PointLight.cpp
         Ray.cpp
         RayTracer.cpp
         RenderView.cpp
         Set.cpp
         SetFactory.cpp
         正在编译...
         Sphere.cpp
         Tools.cpp
         TriMesh.cpp
         Vector.cpp
       Link:
         C:\Program Files (x86)\Microsoft Visual Studio 11.0\VC\bin\link.exe /ERRORREPORT:PROMPT /OUT:"I:\graphics\rayTracing\RayTracing\Release\RayTracing.exe" /NOLOGO kernel32.lib user32.lib gdi32.lib winspool.lib comdlg32.lib advapi32.lib shell32.lib ole32.lib oleaut32.lib uuid.lib odbc32.lib odbccp32.lib /MANIFEST /MANIFESTUAC:"level='asInvoker' uiAccess='false'" /manifest:embed /PDB:"I:\graphics\rayTracing\RayTracing\Release\RayTracing.pdb" /OPT:REF /OPT:ICF /LTCG /TLBID:1 /DYNAMICBASE /NXCOMPAT /IMPLIB:"I:\graphics\rayTracing\RayTracing\Release\RayTracing.lib" /MACHINE:X86 /SAFESEH:NO Release\BMP.obj
         Release\Camera.obj
         Release\Color.obj
         Release\Config.obj
         Release\ConfigReader.obj
         Release\Image.obj
         Release\Light.obj
         Release\LightFactory.obj
         Release\main.obj
         Release\Mesh.obj
         Release\Object.obj
         Release\ObjectFactory.obj
         Release\Plane.obj
         Release\PlaneLight.obj
         Release\PointLight.obj
         Release\Ray.obj
         Release\RayTracer.obj
         Release\RenderView.obj
         Release\Set.obj
         Release\SetFactory.obj
         Release\Sphere.obj
         Release\Tools.obj
         Release\TriMesh.obj
         Release\Vector.obj
         正在生成代码
         已完成代码的生成
         RayTracing.vcxproj -> I:\graphics\rayTracing\RayTracing\Release\RayTracing.exe
     1>已完成生成项目“I:\graphics\rayTracing\RayTracing\RayTracing\RayTracing.vcxproj”(Build 个目标)的操作。

生成成功。

已用时间 00:00:12.94
