生成启动时间为 2016/4/27 1:17:33。
     1>项目“I:\graphics\rayTracing\RayTracing\RayTracing\RayTracing.vcxproj”在节点 2 上(Build 个目标)。
     1>ClCompile:
         C:\Program Files (x86)\Microsoft Visual Studio 11.0\VC\bin\CL.exe /c /ZI /nologo /W3 /WX- /Od /Oy- /D _MBCS /Gm /EHsc /RTC1 /MDd /GS /fp:precise /Zc:wchar_t /Zc:forScope /Fo"Debug\\" /Fd"Debug\vc110.pdb" /Gd /TP /analyze- /errorReport:prompt LightFactory.cpp
         LightFactory.cpp
       Link:
         C:\Program Files (x86)\Microsoft Visual Studio 11.0\VC\bin\link.exe /ERRORREPORT:PROMPT /OUT:"I:\graphics\rayTracing\RayTracing\Debug\RayTracing.exe" /INCREMENTAL /NOLOGO kernel32.lib user32.lib gdi32.lib winspool.lib comdlg32.lib advapi32.lib shell32.lib ole32.lib oleaut32.lib uuid.lib odbc32.lib odbccp32.lib /MANIFEST /MANIFESTUAC:"level='asInvoker' uiAccess='false'" /manifest:embed /DEBUG /PDB:"I:\graphics\rayTracing\RayTracing\Debug\RayTracing.pdb" /SUBSYSTEM:CONSOLE /TLBID:1 /DYNAMICBASE /NXCOMPAT /IMPLIB:"I:\graphics\rayTracing\RayTracing\Debug\RayTracing.lib" /MACHINE:X86 Debug\BMP.obj
         Debug\Camera.obj
         Debug\Color.obj
         Debug\Config.obj
         Debug\ConfigReader.obj
         Debug\Image.obj
         Debug\Light.obj
         Debug\LightFactory.obj
         Debug\main.obj
         Debug\Object.obj
         Debug\ObjectFactory.obj
         Debug\Plane.obj
         Debug\PointLight.obj
         Debug\RayTracer.obj
         Debug\RenderView.obj
         Debug\Sphere.obj
         Debug\Vector.obj
         RayTracing.vcxproj -> I:\graphics\rayTracing\RayTracing\Debug\RayTracing.exe
     1>已完成生成项目“I:\graphics\rayTracing\RayTracing\RayTracing\RayTracing.vcxproj”(Build 个目标)的操作。

生成成功。

已用时间 00:00:01.41
