I:\GRAPHICS\RAYTRACING\RAYTRACING\RAYTRACING\DEBUG\BMP.OBJ
I:\GRAPHICS\RAYTRACING\RAYTRACING\RAYTRACING\DEBUG\COLOR.OBJ
I:\GRAPHICS\RAYTRACING\RAYTRACING\RAYTRACING\DEBUG\CONFIG.OBJ
I:\GRAPHICS\RAYTRACING\RAYTRACING\RAYTRACING\DEBUG\CONFIGREADER.OBJ
I:\GRAPHICS\RAYTRACING\RAYTRACING\RAYTRACING\DEBUG\IMAGE.OBJ
I:\GRAPHICS\RAYTRACING\RAYTRACING\RAYTRACING\DEBUG\MAIN.OBJ
I:\GRAPHICS\RAYTRACING\RAYTRACING\RAYTRACING\DEBUG\OBJECT.OBJ
I:\GRAPHICS\RAYTRACING\RAYTRACING\RAYTRACING\DEBUG\RAYTRACER.OBJ
I:\GRAPHICS\RAYTRACING\RAYTRACING\RAYTRACING\DEBUG\RENDERVIEW.OBJ
I:\GRAPHICS\RAYTRACING\RAYTRACING\RAYTRACING\DEBUG\VC110.PDB
I:\GRAPHICS\RAYTRACING\RAYTRACING\DEBUG\RAYTRACING.ILK
I:\GRAPHICS\RAYTRACING\RAYTRACING\DEBUG\RAYTRACING.EXE
I:\GRAPHICS\RAYTRACING\RAYTRACING\DEBUG\RAYTRACING.PDB
I:\graphics\rayTracing\RayTracing\RayTracing\Debug\BMP.obj
I:\graphics\rayTracing\RayTracing\RayTracing\Debug\Color.obj
I:\graphics\rayTracing\RayTracing\RayTracing\Debug\Config.obj
I:\graphics\rayTracing\RayTracing\RayTracing\Debug\ConfigReader.obj
I:\graphics\rayTracing\RayTracing\RayTracing\Debug\Image.obj
I:\graphics\rayTracing\RayTracing\RayTracing\Debug\main.obj
I:\graphics\rayTracing\RayTracing\RayTracing\Debug\Object.obj
I:\graphics\rayTracing\RayTracing\RayTracing\Debug\RayTracer.obj
I:\graphics\rayTracing\RayTracing\RayTracing\Debug\RenderView.obj
I:\graphics\rayTracing\RayTracing\RayTracing\Debug\cl.command.1.tlog
I:\graphics\rayTracing\RayTracing\RayTracing\Debug\CL.read.1.tlog
I:\graphics\rayTracing\RayTracing\RayTracing\Debug\CL.write.1.tlog
I:\graphics\rayTracing\RayTracing\RayTracing\Debug\link-cvtres.read.1.tlog
I:\graphics\rayTracing\RayTracing\RayTracing\Debug\link-cvtres.write.1.tlog
I:\graphics\rayTracing\RayTracing\RayTracing\Debug\link-rc.read.1.tlog
I:\graphics\rayTracing\RayTracing\RayTracing\Debug\link-rc.write.1.tlog
I:\graphics\rayTracing\RayTracing\RayTracing\Debug\link.12296-cvtres.read.1.tlog
I:\graphics\rayTracing\RayTracing\RayTracing\Debug\link.12296-cvtres.write.1.tlog
I:\graphics\rayTracing\RayTracing\RayTracing\Debug\link.12296-rc.read.1.tlog
I:\graphics\rayTracing\RayTracing\RayTracing\Debug\link.12296-rc.write.1.tlog
I:\graphics\rayTracing\RayTracing\RayTracing\Debug\link.12296.read.1.tlog
I:\graphics\rayTracing\RayTracing\RayTracing\Debug\link.12296.write.1.tlog
I:\graphics\rayTracing\RayTracing\RayTracing\Debug\link.13088-cvtres.read.1.tlog
I:\graphics\rayTracing\RayTracing\RayTracing\Debug\link.13088-cvtres.write.1.tlog
I:\graphics\rayTracing\RayTracing\RayTracing\Debug\link.13088-rc.read.1.tlog
I:\graphics\rayTracing\RayTracing\RayTracing\Debug\link.13088-rc.write.1.tlog
I:\graphics\rayTracing\RayTracing\RayTracing\Debug\link.13088.read.1.tlog
I:\graphics\rayTracing\RayTracing\RayTracing\Debug\link.13088.write.1.tlog
I:\graphics\rayTracing\RayTracing\RayTracing\Debug\link.2244-cvtres.read.1.tlog
I:\graphics\rayTracing\RayTracing\RayTracing\Debug\link.2244-cvtres.write.1.tlog
I:\graphics\rayTracing\RayTracing\RayTracing\Debug\link.2244-rc.read.1.tlog
I:\graphics\rayTracing\RayTracing\RayTracing\Debug\link.2244-rc.write.1.tlog
I:\graphics\rayTracing\RayTracing\RayTracing\Debug\link.2244.read.1.tlog
I:\graphics\rayTracing\RayTracing\RayTracing\Debug\link.2244.write.1.tlog
I:\graphics\rayTracing\RayTracing\RayTracing\Debug\link.2940-cvtres.read.1.tlog
I:\graphics\rayTracing\RayTracing\RayTracing\Debug\link.2940-cvtres.write.1.tlog
I:\graphics\rayTracing\RayTracing\RayTracing\Debug\link.2940-rc.read.1.tlog
I:\graphics\rayTracing\RayTracing\RayTracing\Debug\link.2940-rc.write.1.tlog
I:\graphics\rayTracing\RayTracing\RayTracing\Debug\link.2940.read.1.tlog
I:\graphics\rayTracing\RayTracing\RayTracing\Debug\link.2940.write.1.tlog
I:\graphics\rayTracing\RayTracing\RayTracing\Debug\link.4964-cvtres.read.1.tlog
I:\graphics\rayTracing\RayTracing\RayTracing\Debug\link.4964-cvtres.write.1.tlog
I:\graphics\rayTracing\RayTracing\RayTracing\Debug\link.4964-rc.read.1.tlog
I:\graphics\rayTracing\RayTracing\RayTracing\Debug\link.4964-rc.write.1.tlog
I:\graphics\rayTracing\RayTracing\RayTracing\Debug\link.4964.read.1.tlog
I:\graphics\rayTracing\RayTracing\RayTracing\Debug\link.4964.write.1.tlog
I:\graphics\rayTracing\RayTracing\RayTracing\Debug\link.5636-cvtres.read.1.tlog
I:\graphics\rayTracing\RayTracing\RayTracing\Debug\link.5636-cvtres.write.1.tlog
I:\graphics\rayTracing\RayTracing\RayTracing\Debug\link.5636-rc.read.1.tlog
I:\graphics\rayTracing\RayTracing\RayTracing\Debug\link.5636-rc.write.1.tlog
I:\graphics\rayTracing\RayTracing\RayTracing\Debug\link.5636.read.1.tlog
I:\graphics\rayTracing\RayTracing\RayTracing\Debug\link.5636.write.1.tlog
I:\graphics\rayTracing\RayTracing\RayTracing\Debug\link.command.1.tlog
I:\graphics\rayTracing\RayTracing\RayTracing\Debug\link.read.1.tlog
I:\graphics\rayTracing\RayTracing\RayTracing\Debug\link.write.1.tlog
I:\graphics\rayTracing\RayTracing\RayTracing\Debug\vc110.idb
I:\graphics\rayTracing\RayTracing\RayTracing\Debug\vc110.pdb
I:\graphics\rayTracing\RayTracing\Debug\RayTracing.pdb
I:\graphics\rayTracing\RayTracing\Debug\RayTracing.exe
I:\graphics\rayTracing\RayTracing\Debug\RayTracing.ilk
